Script started on Mon Apr 12 02:25:11 2021
[1m[7m%[27m[1m[0m                                                                                                                                                                                                                           [0m[27m[24m[Jandrewpeterson@Andys-MacBook-Pro ctfbot % [K[?2004h[?2004l
[1m[7m%[27m[1m[0m                                                                                                                                                                                                                           [0m[27m[24m[Jandrewpeterson@Andys-MacBook-Pro ctfbot % [K[?2004h[7mscript -f /tmp/lecture1.scrpt[27m[29D[27ms[27mc[27mr[27mi[27mp[27mt[27m [27m-[27mf[27m [27m/[27mt[27mm[27mp[27m/[27ml[27me[27mc[27mt[27mu[27mr[27me[27m1[27m.[27ms[27mc[27mr[27mp[27mt[1C[P[20C [21DF /tmp/lecture1.scrpt[20D[1C[1C[1C[1C[1C[1C[1C[1C[1C[1C[1C[1C[1C[1C1.scrpt [8D1.scrpt [8D1.scrpt [8D1.scrpt [8D1.scrpt [8D1.scrpt [8D1.scrpt [8D[1C.scrpt b.scrpto.scrptt.scrpt[?2004l
Script started, output file is /tmp/bot.scrpt
[1m[7m%[27m[1m[0m                                                                                                                                                                                                                           [0m[27m[24m[Jandrewpeterson@Andys-MacBook-Pro ctfbot % [K[?2004hnnpm start[?2004l

> ctfbot@1.0.0 start /Users/andrewpeterson/Desktop/ctfbot
> ts-node-dev --respawn -r dotenv/config ./src

[[36mINFO[0m] [30;1m02:26:12[0m ts-node-dev ver. 1.1.1 (using ts-node ver. 9.1.1, typescript ver. 4.1.3)
[[34mctfbot[0m][33m [35m2021-04-12T09:26:15.432Z[39m [0m- tables initialized
[[34mctfbot[0m][33m [35m2021-04-12T09:26:15.852Z[39m [0m- Discord connected
[[34mctfbot[0m][33m [35m2021-04-12T09:26:15.852Z[39m [0m- registering commands...
[[34mctfbot[0m][33m [35m2021-04-12T09:26:15.852Z[39m [0m- Started caching TOS webhooks...
[[34mctfbot[0m][33m [35m2021-04-12T09:26:15.854Z[39m [0m- commands registered
[[34mctfbot[0m][33m [35m2021-04-12T09:26:15.855Z[39m [0m- Cached all TOS webhooks!
(node:5752) UnhandledPromiseRejectionWarning: NoUserError: that user is not in this ctf
    at CTF.<anonymous> (/Users/andrewpeterson/Desktop/ctfbot/src/database/models/ctf.ts:336:34)
    at Generator.next (<anonymous>)
    at fulfilled (/Users/andrewpeterson/Desktop/ctfbot/src/database/models/ctf.ts:5:58)
    at processTicksAndRejections (internal/process/task_queues.js:97:5)
(Use `node --trace-warnings ...` to show where the warning was created)
(node:5752) UnhandledPromiseRejectionWarning: Unhandled promise rejection. This error originated either by throwing inside of an async function without a catch block, or by rejecting a promise which was not handled with .catch(). To terminate the node process on unhandled promise rejection, use the CLI flag `--unhandled-rejections=strict` (see https://nodejs.org/api/cli.html#cli_unhandled_rejections_mode). (rejection id: 1)
(node:5752) [DEP0018] DeprecationWarning: Unhandled promise rejections are deprecated. In the future, promise rejections that are not handled will terminate the Node.js process with a non-zero exit code.
[[36mINFO[0m] [30;1m02:33:45[0m Restarting: /Users/andrewpeterson/Desktop/ctfbot/src/database/models/ctf.ts has been modified
Compilation error in /Users/andrewpeterson/Desktop/ctfbot/src/database/models/ctf.ts

/Users/andrewpeterson/Desktop/ctfbot/src/database/models/ctf.ts:1
throw new Error("тип Unable to compile TypeScript:\n\u001b[96msrc/database/models/ctf.ts\u001b[0m:\u001b[93m75\u001b[0m:\u001b[93m13\u001b[0m - \u001b[91merror\u001b[0m\u001b[90m TS2304: \u001b[0mCannot find name 'participant'.\n\n\u001b[7m75\u001b[0m         if (participant.row.tos_accepted) {\n\u001b[7m  \u001b[0m \u001b[91m            ~~~~~~~~~~~\u001b[0m\n\u001b[96msrc/database/models/ctf.ts\u001b[0m:\u001b[93m78\u001b[0m:\u001b[93m9\u001b[0m - \u001b[91merror\u001b[0m\u001b[90m TS2552: \u001b[0mCannot find name 'ogger'. Did you mean 'logger'?\n\n\u001b[7m78\u001b[0m         ogger(`**${this.row.user_snowflake}** has accepted TOS`);\n\u001b[7m  \u001b[0m \u001b[91m        ~~~~~\u001b[0m\n\u001b[96msrc/database/models/ctf.ts\u001b[0m:\u001b[93m78\u001b[0m:\u001b[93m29\u001b[0m - \u001b[91merror\u001b[0m\u001b[90m TS2339: \u001b[0mProperty 'user_snowflake' does not exist on type 'CTFRow'.\n\n\u001b[7m78\u001b[0m         ogger(`**${this.row.user_snowflake}** has accepted TOS`);\n\u001b[7m  \u001b[0m \u001b[91m                            ~~~~~~~~~~~~~~\u001b[0m\n");
      ^
Error: тип Unable to compile TypeScript:
[96msrc/database/models/ctf.ts[0m:[93m75[0m:[93m13[0m - [91merror[0m[90m TS2304: [0mCannot find name 'participant'.

[7m75[0m         if (participant.row.tos_accepted) {
[7m  [0m [91m            ~~~~~~~~~~~[0m
[96msrc/database/models/ctf.ts[0m:[93m78[0m:[93m9[0m - [91merror[0m[90m TS2552: [0mCannot find name 'ogger'. Did you mean 'logger'?

[7m78[0m         ogger(`**${this.row.user_snowflake}** has accepted TOS`);
[7m  [0m [91m        ~~~~~[0m
[96msrc/database/models/ctf.ts[0m:[93m78[0m:[93m29[0m - [91merror[0m[90m TS2339: [0mProperty 'user_snowflake' does not exist on type 'CTFRow'.

[7m78[0m         ogger(`**${this.row.user_snowflake}** has accepted TOS`);
[7m  [0m [91m                            ~~~~~~~~~~~~~~[0m

    at Object.<anonymous> (/Users/andrewpeterson/Desktop/ctfbot/src/database/models/ctf.ts:1:7)
    at Module._compile (internal/modules/cjs/loader.js:1176:30)
    at Module._compile (/Users/andrewpeterson/Desktop/ctfbot/node_modules/source-map-support/source-map-support.js:547:25)
    at Module.m._compile (/private/var/folders/9z/71vbg87x1bz3zp24ct89z8jc0000gn/T/ts-node-dev-hook-8745566129143116.js:69:33)
    at Module._extensions..js (internal/modules/cjs/loader.js:1196:10)
    at require.extensions.<computed> (/private/var/folders/9z/71vbg87x1bz3zp24ct89z8jc0000gn/T/ts-node-dev-hook-8745566129143116.js:71:20)
    at Object.nodeDevHook [as .ts] (/Users/andrewpeterson/Desktop/ctfbot/node_modules/ts-node-dev/lib/hook.js:63:13)
    at Module.load (internal/modules/cjs/loader.js:1040:32)
    at Function.Module._load (internal/modules/cjs/loader.js:929:14)
    at Module.require (internal/modules/cjs/loader.js:1080:19)
[[36mINFO[0m] [30;1m02:34:54[0m Restarting: /Users/andrewpeterson/Desktop/ctfbot/src/database/models/ctf.ts has been modified
[[34mctfbot[0m][33m [35m2021-04-12T09:34:56.301Z[39m [0m- tables initialized
[[34mctfbot[0m][33m [35m2021-04-12T09:34:56.743Z[39m [0m- Discord connected
[[34mctfbot[0m][33m [35m2021-04-12T09:34:56.743Z[39m [0m- registering commands...
[[34mctfbot[0m][33m [35m2021-04-12T09:34:56.743Z[39m [0m- Started caching TOS webhooks...
[[34mctfbot[0m][33m [35m2021-04-12T09:34:56.745Z[39m [0m- commands registered
[[34mctfbot[0m][33m [35m2021-04-12T09:34:56.746Z[39m [0m- Cached all TOS webhooks!
[[36mINFO[0m] [30;1m02:35:31[0m Restarting: /Users/andrewpeterson/Desktop/ctfbot/src/database/models/ctf.ts has been modified
[[34mctfbot[0m][33m [35m2021-04-12T09:35:32.857Z[39m [0m- tables initialized
[[34mctfbot[0m][33m [35m2021-04-12T09:35:33.204Z[39m [0m- Discord connected
[[34mctfbot[0m][33m [35m2021-04-12T09:35:33.204Z[39m [0m- registering commands...
[[34mctfbot[0m][33m [35m2021-04-12T09:35:33.205Z[39m [0m- Started caching TOS webhooks...
[[34mctfbot[0m][33m [35m2021-04-12T09:35:33.206Z[39m [0m- commands registered
[[34mctfbot[0m][33m [35m2021-04-12T09:35:33.208Z[39m [0m- Cached all TOS webhooks!
[[34mctfbot[0m][33m [35m2021-04-12T09:35:57.295Z[39m [0m- Added new user **testaccount** to **Team Server Test 2**
[[34mctfbot[0m][33m [35m2021-04-12T09:35:57.295Z[39m [0m- **testaccount** has accepted TOS
[[34mctfbot[0m][33m [35m2021-04-12T09:37:15.309Z[39m [0m- Added new user **Blarthogg** to **Team Server Test 2**
[[34mctfbot[0m][33m [35m2021-04-12T09:37:15.309Z[39m [0m- **Blarthogg** has accepted TOS
[[34mctfbot[0m][33m [35m2021-04-12T09:37:33.561Z[39m [0m- Deleted CTF **Team Server Test 2**
[[34mctfbot[0m][33m [35m2021-04-12T09:37:33.805Z[39m [0m- Removed TOS webhook from the server
[[34mctfbot[0m][33m [35m2021-04-12T09:37:33.937Z[39m [0m- Removed TOS channel
[[34mctfbot[0m][33m [35m2021-04-12T09:37:33.940Z[39m [0m- Deleted ctf **Team Server Test 2**
[[34mctfbot[0m][33m [35m2021-04-12T09:37:42.670Z[39m [0m- Created new ctf **Team Server Test 2**
[[34mctfbot[0m][33m [35m2021-04-12T09:37:42.670Z[39m [0m- **Info** category already found
[[34mctfbot[0m][33m [35m2021-04-12T09:37:42.674Z[39m [0m- Set **Team Server Test 2**'s info category to **831096538453114900**
[[34mctfbot[0m][33m [35m2021-04-12T09:37:42.789Z[39m [0m- Created **tos** channel
[[34mctfbot[0m][33m [35m2021-04-12T09:37:42.793Z[39m [0m- Set **Team Server Test 2**'s TOS channel to **831100762062585876**
[[34mctfbot[0m][33m [35m2021-04-12T09:37:43.058Z[39m [0m- Set **Team Server Test 2**'s TOS webhook to be **831100762498531350**
[[34mctfbot[0m][33m [35m2021-04-12T09:37:43.058Z[39m [0m- Created new CTF **Team Server Test 2** with no description in this server
[[34mctfbot[0m][33m [35m2021-04-12T09:37:48.196Z[39m [0m- Added new user **Blarthogg** to **Team Server Test 2**
[[34mctfbot[0m][33m [35m2021-04-12T09:37:48.196Z[39m [0m- **Blarthogg** has accepted TOS
^C
[1m[7m%[27m[1m[0m                                                                                                                                                                                                                           [0m[27m[24m[Jandrewpeterson@Andys-MacBook-Pro ctfbot % [K[?2004hnpm start[?2004l

> ctfbot@1.0.0 start /Users/andrewpeterson/Desktop/ctfbot
> ts-node-dev --respawn -r dotenv/config ./src

[[36mINFO[0m] [30;1m02:37:57[0m ts-node-dev ver. 1.1.1 (using ts-node ver. 9.1.1, typescript ver. 4.1.3)
[[34mctfbot[0m][33m [35m2021-04-12T09:37:59.976Z[39m [0m- tables initialized
[[34mctfbot[0m][33m [35m2021-04-12T09:38:00.328Z[39m [0m- Discord connected
[[34mctfbot[0m][33m [35m2021-04-12T09:38:00.328Z[39m [0m- registering commands...
[[34mctfbot[0m][33m [35m2021-04-12T09:38:00.329Z[39m [0m- Started caching TOS webhooks...
[[34mctfbot[0m][33m [35m2021-04-12T09:38:00.330Z[39m [0m- commands registered
[[34mctfbot[0m][33m [35m2021-04-12T09:38:00.332Z[39m [0m- Cached all TOS webhooks!
[[34mctfbot[0m][33m [35m2021-04-12T09:38:07.853Z[39m [0m- Added new user **testaccount** to **Team Server Test 2**
[[34mctfbot[0m][33m [35m2021-04-12T09:38:07.853Z[39m [0m- **testaccount** has accepted TOS
[[34mctfbot[0m][33m [35m2021-04-12T10:21:52.479Z[39m [0m- Created new ctf **Team Server Test 1**
[[34mctfbot[0m][33m [35m2021-04-12T10:21:52.682Z[39m [0m- Info category not found: created Info category
[[34mctfbot[0m][33m [35m2021-04-12T10:21:52.686Z[39m [0m- Set **Team Server Test 1**'s info category to **831111876405624842**
[[34mctfbot[0m][33m [35m2021-04-12T10:21:52.833Z[39m [0m- Created **tos** channel
[[34mctfbot[0m][33m [35m2021-04-12T10:21:52.839Z[39m [0m- Set **Team Server Test 1**'s TOS channel to **831111877076713482**
[[34mctfbot[0m][33m [35m2021-04-12T10:21:53.240Z[39m [0m- Set **Team Server Test 1**'s TOS webhook to be **831111877747933205**
[[34mctfbot[0m][33m [35m2021-04-12T10:21:53.240Z[39m [0m- Created new CTF **Team Server Test 1** with no description in this server
[[34mctfbot[0m][33m [35m2021-04-12T10:21:57.281Z[39m [0m- Error: cannot create a second CTF in this guild
    at Function.<anonymous> (/Users/andrewpeterson/Desktop/ctfbot/src/database/models/ctf.ts:23:56)
    at Generator.next (<anonymous>)
    at fulfilled (/Users/andrewpeterson/Desktop/ctfbot/src/database/models/ctf.ts:5:58)
[90m    at processTicksAndRejections (internal/process/task_queues.js:97:5)[39m
[[34mctfbot[0m][33m [35m2021-04-12T10:22:09.141Z[39m [0m- Deleted CTF **CTF Main Test**
[[34mctfbot[0m][33m [35m2021-04-12T10:22:09.407Z[39m [0m- Removed TOS webhook from the server
[[34mctfbot[0m][33m [35m2021-04-12T10:22:09.558Z[39m [0m- Removed TOS channel
[[34mctfbot[0m][33m [35m2021-04-12T10:22:09.562Z[39m [0m- Deleted ctf **CTF Main Test**
[[34mctfbot[0m][33m [35m2021-04-12T10:22:21.841Z[39m [0m- Created new ctf **CTF Main Test**
[[34mctfbot[0m][33m [35m2021-04-12T10:22:21.842Z[39m [0m- **Info** category already found
[[34mctfbot[0m][33m [35m2021-04-12T10:22:21.846Z[39m [0m- Set **CTF Main Test**'s info category to **823004468294713405**
[[34mctfbot[0m][33m [35m2021-04-12T10:22:21.974Z[39m [0m- Created **tos** channel
[[34mctfbot[0m][33m [35m2021-04-12T10:22:21.979Z[39m [0m- Set **CTF Main Test**'s TOS channel to **831111999378292805**
[[34mctfbot[0m][33m [35m2021-04-12T10:22:22.284Z[39m [0m- Set **CTF Main Test**'s TOS webhook to be **831111999740051477**
[[34mctfbot[0m][33m [35m2021-04-12T10:22:22.284Z[39m [0m- Created new CTF **CTF Main Test** with no description in this server
[[34mctfbot[0m][33m [35m2021-04-12T10:22:28.162Z[39m [0m- Deleted CTF **Team Server Test 1**
[[34mctfbot[0m][33m [35m2021-04-12T10:22:28.440Z[39m [0m- Removed TOS webhook from the server
[[34mctfbot[0m][33m [35m2021-04-12T10:22:28.587Z[39m [0m- Removed TOS channel
[[34mctfbot[0m][33m [35m2021-04-12T10:22:28.591Z[39m [0m- Deleted ctf **Team Server Test 1**
[[34mctfbot[0m][33m [35m2021-04-12T10:22:31.066Z[39m [0m- Created new ctf **Team Server Test 1**
[[34mctfbot[0m][33m [35m2021-04-12T10:22:31.066Z[39m [0m- **Info** category already found
[[34mctfbot[0m][33m [35m2021-04-12T10:22:31.072Z[39m [0m- Set **Team Server Test 1**'s info category to **831111876405624842**
[[34mctfbot[0m][33m [35m2021-04-12T10:22:31.263Z[39m [0m- Created **tos** channel
[[34mctfbot[0m][33m [35m2021-04-12T10:22:31.269Z[39m [0m- Set **Team Server Test 1**'s TOS channel to **831112038079922206**
[[34mctfbot[0m][33m [35m2021-04-12T10:22:31.571Z[39m [0m- Set **Team Server Test 1**'s TOS webhook to be **831112038985891840**
[[34mctfbot[0m][33m [35m2021-04-12T10:22:31.572Z[39m [0m- Created new CTF **Team Server Test 1** with no description in this server
[[34mctfbot[0m][33m [35m2021-04-12T10:22:38.638Z[39m [0m- Deleted CTF **Team Server Test 2**
[[34mctfbot[0m][33m [35m2021-04-12T10:22:38.882Z[39m [0m- Removed TOS webhook from the server
[[34mctfbot[0m][33m [35m2021-04-12T10:22:39.025Z[39m [0m- Removed TOS channel
[[34mctfbot[0m][33m [35m2021-04-12T10:22:39.028Z[39m [0m- Deleted ctf **Team Server Test 2**
[[34mctfbot[0m][33m [35m2021-04-12T10:22:41.515Z[39m [0m- Created new ctf **Team Server Test 2**
[[34mctfbot[0m][33m [35m2021-04-12T10:22:41.515Z[39m [0m- **Info** category already found
[[34mctfbot[0m][33m [35m2021-04-12T10:22:41.519Z[39m [0m- Set **Team Server Test 2**'s info category to **831096538453114900**
[[34mctfbot[0m][33m [35m2021-04-12T10:22:41.658Z[39m [0m- Created **tos** channel
[[34mctfbot[0m][33m [35m2021-04-12T10:22:41.664Z[39m [0m- Set **Team Server Test 2**'s TOS channel to **831112081692426261**
[[34mctfbot[0m][33m [35m2021-04-12T10:22:41.964Z[39m [0m- Set **Team Server Test 2**'s TOS webhook to be **831112082564448304**
[[34mctfbot[0m][33m [35m2021-04-12T10:22:41.964Z[39m [0m- Created new CTF **Team Server Test 2** with no description in this server
[[36mINFO[0m] [30;1m03:22:48[0m Restarting: /Users/andrewpeterson/Desktop/ctfbot/src/database/models/ctf.ts has been modified
[[34mctfbot[0m][33m [35m2021-04-12T10:22:49.435Z[39m [0m- tables initialized
[[34mctfbot[0m][33m [35m2021-04-12T10:22:49.808Z[39m [0m- Discord connected
[[34mctfbot[0m][33m [35m2021-04-12T10:22:49.808Z[39m [0m- registering commands...
[[34mctfbot[0m][33m [35m2021-04-12T10:22:49.809Z[39m [0m- Started caching TOS webhooks...
[[34mctfbot[0m][33m [35m2021-04-12T10:22:49.810Z[39m [0m- commands registered
[[34mctfbot[0m][33m [35m2021-04-12T10:22:49.813Z[39m [0m- Cached all TOS webhooks!
[[34mctfbot[0m][33m [35m2021-04-12T10:22:59.443Z[39m [0m- Added new user **Blarthogg** to **Team Server Test 2**
[[34mctfbot[0m][33m [35m2021-04-12T10:22:59.444Z[39m [0m- **Blarthogg** has accepted TOS
[[34mctfbot[0m][33m [35m2021-04-12T10:23:11.013Z[39m [0m- Added new user **Blarthogg** to **Team Server Test 1**
[[34mctfbot[0m][33m [35m2021-04-12T10:23:11.013Z[39m [0m- **Blarthogg** has accepted TOS
[[34mctfbot[0m][33m [35m2021-04-12T10:23:18.360Z[39m [0m- Added new user **Blarthogg** to **CTF Main Test**
[[34mctfbot[0m][33m [35m2021-04-12T10:23:18.360Z[39m [0m- **Blarthogg** has accepted TOS
[[34mctfbot[0m][33m [35m2021-04-12T10:23:31.588Z[39m [0m- Added new user **testaccount** to **Team Server Test 2**
[[34mctfbot[0m][33m [35m2021-04-12T10:23:31.588Z[39m [0m- **testaccount** has accepted TOS
[[36mINFO[0m] [30;1m03:28:26[0m Restarting: /Users/andrewpeterson/Desktop/ctfbot/src/database/models/ctf.ts has been modified
Compilation error in /Users/andrewpeterson/Desktop/ctfbot/src/database/models/ctf.ts

/Users/andrewpeterson/Desktop/ctfbot/src/database/models/ctf.ts:1
throw new Error("тип Unable to compile TypeScript:\n\u001b[96msrc/database/models/ctf.ts\u001b[0m:\u001b[93m80\u001b[0m:\u001b[93m19\u001b[0m - \u001b[91merror\u001b[0m\u001b[90m TS2448: \u001b[0mBlock-scoped variable 'teams' used before its declaration.\n\n\u001b[7m80\u001b[0m     const teams = teams.map((teamRow) => new Team(teamRow));\n\u001b[7m  \u001b[0m \u001b[91m                  ~~~~~\u001b[0m\n\n  \u001b[96msrc/database/models/ctf.ts\u001b[0m:\u001b[93m80\u001b[0m:\u001b[93m11\u001b[0m\n    \u001b[7m80\u001b[0m     const teams = teams.map((teamRow) => new Team(teamRow));\n    \u001b[7m  \u001b[0m \u001b[96m          ~~~~~\u001b[0m\n    'teams' is declared here.\n");
      ^
Error: тип Unable to compile TypeScript:
[96msrc/database/models/ctf.ts[0m:[93m80[0m:[93m19[0m - [91merror[0m[90m TS2448: [0mBlock-scoped variable 'teams' used before its declaration.

[7m80[0m     const teams = teams.map((teamRow) => new Team(teamRow));
[7m  [0m [91m                  ~~~~~[0m

  [96msrc/database/models/ctf.ts[0m:[93m80[0m:[93m11[0m
    [7m80[0m     const teams = teams.map((teamRow) => new Team(teamRow));
    [7m  [0m [96m          ~~~~~[0m
    'teams' is declared here.

    at Object.<anonymous> (/Users/andrewpeterson/Desktop/ctfbot/src/database/models/ctf.ts:1:7)
    at Module._compile (internal/modules/cjs/loader.js:1176:30)
    at Module._compile (/Users/andrewpeterson/Desktop/ctfbot/node_modules/source-map-support/source-map-support.js:547:25)
    at Module.m._compile (/private/var/folders/9z/71vbg87x1bz3zp24ct89z8jc0000gn/T/ts-node-dev-hook-8594142476933222.js:69:33)
    at Module._extensions..js (internal/modules/cjs/loader.js:1196:10)
    at require.extensions.<computed> (/private/var/folders/9z/71vbg87x1bz3zp24ct89z8jc0000gn/T/ts-node-dev-hook-8594142476933222.js:71:20)
    at Object.nodeDevHook [as .ts] (/Users/andrewpeterson/Desktop/ctfbot/node_modules/ts-node-dev/lib/hook.js:63:13)
    at Module.load (internal/modules/cjs/loader.js:1040:32)
    at Function.Module._load (internal/modules/cjs/loader.js:929:14)
    at Module.require (internal/modules/cjs/loader.js:1080:19)
[[36mINFO[0m] [30;1m03:35:29[0m Restarting: /Users/andrewpeterson/Desktop/ctfbot/src/database/models/ctf.ts has been modified
Compilation error in /Users/andrewpeterson/Desktop/ctfbot/src/database/models/ctf.ts

/Users/andrewpeterson/Desktop/ctfbot/src/database/models/ctf.ts:1
throw new Error("тип Unable to compile TypeScript:\n\u001b[96msrc/database/models/ctf.ts\u001b[0m:\u001b[93m87\u001b[0m:\u001b[93m22\u001b[0m - \u001b[91merror\u001b[0m\u001b[90m TS2451: \u001b[0mCannot redeclare block-scoped variable 'async'.\n\n\u001b[7m87\u001b[0m       const aPoasync async async async ints = await a.calculatePoints();\n\u001b[7m  \u001b[0m \u001b[91m                     ~~~~~\u001b[0m\n\u001b[96msrc/database/models/ctf.ts\u001b[0m:\u001b[93m87\u001b[0m:\u001b[93m28\u001b[0m - \u001b[91merror\u001b[0m\u001b[90m TS2451: \u001b[0mCannot redeclare block-scoped variable 'async'.\n\n\u001b[7m87\u001b[0m       const aPoasync async async async ints = await a.calculatePoints();\n\u001b[7m  \u001b[0m \u001b[91m                           ~~~~~\u001b[0m\n\u001b[96msrc/database/models/ctf.ts\u001b[0m:\u001b[93m87\u001b[0m:\u001b[93m22\u001b[0m - \u001b[91merror\u001b[0m\u001b[90m TS2451: \u001b[0mCannot redeclare block-scoped variable 'async'.\n\n\u001b[7m87\u001b[0m       const aPoasync async async async ints = await a.calculatePoints();\n\u001b[7m  \u001b[0m \u001b[91m                     ~~~~~\u001b[0m\n\u001b[96msrc/database/models/ctf.ts\u001b[0m:\u001b[93m87\u001b[0m:\u001b[93m34\u001b[0m - \u001b[91merror\u001b[0m\u001b[90m TS2451: \u001b[0mCannot redeclare block-scoped variable 'async'.\n\n\u001b[7m87\u001b[0m       const aPoasync async async async ints = await a.calculatePoints();\n\u001b[7m  \u001b[0m \u001b[91m                                 ~~~~~\u001b[0m\n\u001b[96msrc/database/models/ctf.ts\u001b[0m:\u001b[93m86\u001b[0m:\u001b[93m16\u001b[0m - \u001b[91merror\u001b[0m\u001b[90m TS2345: \u001b[0mArgument of type '(a: { name: string; }, b: { name: string; }) => void' is not assignable to parameter of type '(a: { name: string; }, b: { name: string; }) => number'.\n  Type 'void' is not assignable to type 'number'.\n\n\u001b[7m86\u001b[0m     teams.sort((a, b) => {\n\u001b[7m  \u001b[0m \u001b[91m               ~~~~~~~~~~~\u001b[0m\n\u001b[96msrc/database/models/ctf.ts\u001b[0m:\u001b[93m87\u001b[0m:\u001b[93m55\u001b[0m - \u001b[91merror\u001b[0m\u001b[90m TS2339: \u001b[0mProperty 'calculatePoints' does not exist on type '{ name: string; }'.\n\n\u001b[7m87\u001b[0m       const aPoasync async async async ints = await a.calculatePoints();\n\u001b[7m  \u001b[0m \u001b[91m                                                      ~~~~~~~~~~~~~~~\u001b[0m\n\u001b[96msrc/database/models/ctf.ts\u001b[0m:\u001b[93m88\u001b[0m:\u001b[93m31\u001b[0m - \u001b[91merror\u001b[0m\u001b[90m TS2339: \u001b[0mProperty 'calculatePoints' does not exist on type '{ name: string; }'.\n\n\u001b[7m88\u001b[0m       const bPoints = await b.calculatePoints();\n\u001b[7m  \u001b[0m \u001b[91m                              ~~~~~~~~~~~~~~~\u001b[0m\n\u001b[96msrc/database/models/ctf.ts\u001b[0m:\u001b[93m89\u001b[0m:\u001b[93m11\u001b[0m - \u001b[91merror\u001b[0m\u001b[90m TS2552: \u001b[0mCannot find name 'aPoints'. Did you mean 'bPoints'?\n\n\u001b[7m89\u001b[0m       if (aPoints === bPoints) {\n\u001b[7m  \u001b[0m \u001b[91m          ~~~~~~~\u001b[0m\n\n  \u001b[96msrc/database/models/ctf.ts\u001b[0m:\u001b[93m88\u001b[0m:\u001b[93m13\u001b[0m\n    \u001b[7m88\u001b[0m       const bPoints = await b.calculatePoints();\n    \u001b[7m  \u001b[0m \u001b[96m            ~~~~~~~\u001b[0m\n    'bPoints' is declared here.\n\u001b[96msrc/database/models/ctf.ts\u001b[0m:\u001b[93m90\u001b[0m:\u001b[93m35\u001b[0m - \u001b[91merror\u001b[0m\u001b[90m TS2339: \u001b[0mProperty 'calculateAccuracy' does not exist on type '{ name: string; }'.\n\n\u001b[7m90\u001b[0m         const aAccuracy = await a.calculateAccuracy();\n\u001b[7m  \u001b[0m \u001b[91m                                  ~~~~~~~~~~~~~~~~~\u001b[0m\n\u001b[96msrc/database/models/ctf.ts\u001b[0m:\u001b[93m91\u001b[0m:\u001b[93m35\u001b[0m - \u001b[91merror\u001b[0m\u001b[90m TS2339: \u001b[0mProperty 'calculateAccuracy' does not exist on type '{ name: string; }'.\n\n\u001b[7m91\u001b[0m         const bAccuracy = await b.calculateAccuracy;\n\u001b[7m  \u001b[0m \u001b[91m                                  ~~~~~~~~~~~~~~~~~\u001b[0m\n\u001b[96msrc/database/models/ctf.ts\u001b[0m:\u001b[93m87\u001b[0m:\u001b[93m22\u001b[0m - \u001b[91merror\u001b[0m\u001b[90m TS1005: \u001b[0m',' expected.\n\n\u001b[7m87\u001b[0m       const aPoasync async async async ints = await a.calculatePoints();\n\u001b[7m  \u001b[0m \u001b[91m                     ~~~~~\u001b[0m\n\u001b[96msrc/database/models/ctf.ts\u001b[0m:\u001b[93m87\u001b[0m:\u001b[93m28\u001b[0m - \u001b[91merror\u001b[0m\u001b[90m TS1005: \u001b[0m',' expected.\n\n\u001b[7m87\u001b[0m       const aPoasync async async async ints = await a.calculatePoints();\n\u001b[7m  \u001b[0m \u001b[91m                           ~~~~~\u001b[0m\n\u001b[96msrc/database/models/ctf.ts\u001b[0m:\u001b[93m87\u001b[0m:\u001b[93m34\u001b[0m - \u001b[91merror\u001b[0m\u001b[90m TS1005: \u001b[0m',' expected.\n\n\u001b[7m87\u001b[0m       const aPoasync async async async ints = await a.calculatePoints();\n\u001b[7m  \u001b[0m \u001b[91m                                 ~~~~~\u001b[0m\n\u001b[96msrc/database/models/ctf.ts\u001b[0m:\u001b[93m87\u001b[0m:\u001b[93m40\u001b[0m - \u001b[91merror\u001b[0m\u001b[90m TS1005: \u001b[0m',' expected.\n\n\u001b[7m87\u001b[0m       const aPoasync async async async ints = await a.calculatePoints();\n\u001b[7m  \u001b[0m \u001b[91m                                       ~~~~\u001b[0m\n");
      ^
Error: тип Unable to compile TypeScript:
[96msrc/database/models/ctf.ts[0m:[93m87[0m:[93m22[0m - [91merror[0m[90m TS2451: [0mCannot redeclare block-scoped variable 'async'.

[7m87[0m       const aPoasync async async async ints = await a.calculatePoints();
[7m  [0m [91m                     ~~~~~[0m
[96msrc/database/models/ctf.ts[0m:[93m87[0m:[93m28[0m - [91merror[0m[90m TS2451: [0mCannot redeclare block-scoped variable 'async'.

[7m87[0m       const aPoasync async async async ints = await a.calculatePoints();
[7m  [0m [91m                           ~~~~~[0m
[96msrc/database/models/ctf.ts[0m:[93m87[0m:[93m22[0m - [91merror[0m[90m TS2451: [0mCannot redeclare block-scoped variable 'async'.

[7m87[0m       const aPoasync async async async ints = await a.calculatePoints();
[7m  [0m [91m                     ~~~~~[0m
[96msrc/database/models/ctf.ts[0m:[93m87[0m:[93m34[0m - [91merror[0m[90m TS2451: [0mCannot redeclare block-scoped variable 'async'.

[7m87[0m       const aPoasync async async async ints = await a.calculatePoints();
[7m  [0m [91m                                 ~~~~~[0m
[96msrc/database/models/ctf.ts[0m:[93m86[0m:[93m16[0m - [91merror[0m[90m TS2345: [0mArgument of type '(a: { name: string; }, b: { name: string; }) => void' is not assignable to parameter of type '(a: { name: string; }, b: { name: string; }) => number'.
  Type 'void' is not assignable to type 'number'.

[7m86[0m     teams.sort((a, b) => {
[7m  [0m [91m               ~~~~~~~~~~~[0m
[96msrc/database/models/ctf.ts[0m:[93m87[0m:[93m55[0m - [91merror[0m[90m TS2339: [0mProperty 'calculatePoints' does not exist on type '{ name: string; }'.

[7m87[0m       const aPoasync async async async ints = await a.calculatePoints();
[7m  [0m [91m                                                      ~~~~~~~~~~~~~~~[0m
[96msrc/database/models/ctf.ts[0m:[93m88[0m:[93m31[0m - [91merror[0m[90m TS2339: [0mProperty 'calculatePoints' does not exist on type '{ name: string; }'.

[7m88[0m       const bPoints = await b.calculatePoints();
[7m  [0m [91m                              ~~~~~~~~~~~~~~~[0m
[96msrc/database/models/ctf.ts[0m:[93m89[0m:[93m11[0m - [91merror[0m[90m TS2552: [0mCannot find name 'aPoints'. Did you mean 'bPoints'?

[7m89[0m       if (aPoints === bPoints) {
[7m  [0m [91m          ~~~~~~~[0m

  [96msrc/database/models/ctf.ts[0m:[93m88[0m:[93m13[0m
    [7m88[0m       const bPoints = await b.calculatePoints();
    [7m  [0m [96m            ~~~~~~~[0m
    'bPoints' is declared here.
[96msrc/database/models/ctf.ts[0m:[93m90[0m:[93m35[0m - [91merror[0m[90m TS2339: [0mProperty 'calculateAccuracy' does not exist on type '{ name: string; }'.

[7m90[0m         const aAccuracy = await a.calculateAccuracy();
[7m  [0m [91m                                  ~~~~~~~~~~~~~~~~~[0m
[96msrc/database/models/ctf.ts[0m:[93m91[0m:[93m35[0m - [91merror[0m[90m TS2339: [0mProperty 'calculateAccuracy' does not exist on type '{ name: string; }'.

[7m91[0m         const bAccuracy = await b.calculateAccuracy;
[7m  [0m [91m                                  ~~~~~~~~~~~~~~~~~[0m
[96msrc/database/models/ctf.ts[0m:[93m87[0m:[93m22[0m - [91merror[0m[90m TS1005: [0m',' expected.

[7m87[0m       const aPoasync async async async ints = await a.calculatePoints();
[7m  [0m [91m                     ~~~~~[0m
[96msrc/database/models/ctf.ts[0m:[93m87[0m:[93m28[0m - [91merror[0m[90m TS1005: [0m',' expected.

[7m87[0m       const aPoasync async async async ints = await a.calculatePoints();
[7m  [0m [91m                           ~~~~~[0m
[96msrc/database/models/ctf.ts[0m:[93m87[0m:[93m34[0m - [91merror[0m[90m TS1005: [0m',' expected.

[7m87[0m       const aPoasync async async async ints = await a.calculatePoints();
[7m  [0m [91m                                 ~~~~~[0m
[96msrc/database/models/ctf.ts[0m:[93m87[0m:[93m40[0m - [91merror[0m[90m TS1005: [0m',' expected.

[7m87[0m       const aPoasync async async async ints = await a.calculatePoints();
[7m  [0m [91m                                       ~~~~[0m

    at Object.<anonymous> (/Users/andrewpeterson/Desktop/ctfbot/src/database/models/ctf.ts:1:7)
    at Module._compile (internal/modules/cjs/loader.js:1176:30)
    at Module._compile (/Users/andrewpeterson/Desktop/ctfbot/node_modules/source-map-support/source-map-support.js:547:25)
    at Module.m._compile (/private/var/folders/9z/71vbg87x1bz3zp24ct89z8jc0000gn/T/ts-node-dev-hook-8594142476933222.js:69:33)
    at Module._extensions..js (internal/modules/cjs/loader.js:1196:10)
    at require.extensions.<computed> (/private/var/folders/9z/71vbg87x1bz3zp24ct89z8jc0000gn/T/ts-node-dev-hook-8594142476933222.js:71:20)
    at Object.nodeDevHook [as .ts] (/Users/andrewpeterson/Desktop/ctfbot/node_modules/ts-node-dev/lib/hook.js:63:13)
    at Module.load (internal/modules/cjs/loader.js:1040:32)
    at Function.Module._load (internal/modules/cjs/loader.js:929:14)
    at Module.require (internal/modules/cjs/loader.js:1080:19)
[[36mINFO[0m] [30;1m04:11:48[0m Restarting: /Users/andrewpeterson/Desktop/ctfbot/src/database/models/ctf.ts has been modified
Compilation error in /Users/andrewpeterson/Desktop/ctfbot/src/database/models/ctf.ts

/Users/andrewpeterson/Desktop/ctfbot/src/database/models/ctf.ts:1
throw new Error("тип Unable to compile TypeScript:\n\u001b[96msrc/database/models/ctf.ts\u001b[0m:\u001b[93m83\u001b[0m:\u001b[93m43\u001b[0m - \u001b[91merror\u001b[0m\u001b[90m TS2345: \u001b[0mArgument of type 'Team' is not assignable to parameter of type 'minimalTeam'.\n  Type 'Team' is missing the following properties from type 'minimalTeam': name, points, accuracy\n\n\u001b[7m83\u001b[0m     teams.sort((a, b) => Team.teamCompare(a as minimalTeam, b as minimalTeam));\n\u001b[7m  \u001b[0m \u001b[91m                                          ~~~~~~~~~~~~~~~~\u001b[0m\n\u001b[96msrc/database/models/ctf.ts\u001b[0m:\u001b[93m83\u001b[0m:\u001b[93m43\u001b[0m - \u001b[91merror\u001b[0m\u001b[90m TS2352: \u001b[0mConversion of type 'Promise<{ name: string; points: void; accuracy: void; }>' to type 'Team' may be a mistake because neither type sufficiently overlaps with the other. If this was intentional, convert the expression to 'unknown' first.\n\n\u001b[7m83\u001b[0m     teams.sort((a, b) => Team.teamCompare(a as minimalTeam, b as minimalTeam));\n\u001b[7m  \u001b[0m \u001b[91m                                          ~~~~~~~~~~~~~~~~\u001b[0m\n\u001b[96msrc/database/models/ctf.ts\u001b[0m:\u001b[93m83\u001b[0m:\u001b[93m43\u001b[0m - \u001b[91merror\u001b[0m\u001b[90m TS2352: \u001b[0mConversion of type 'Promise<{ name: string; points: void; accuracy: void; }>' to type 'Team' may be a mistake because neither type sufficiently overlaps with the other. If this was intentional, convert the expression to 'unknown' first.\n  Type 'Promise<{ name: string; points: void; accuracy: void; }>' is missing the following properties from type 'Team': row, deleteTeam, setTeamRoleSnowflakeTeamServer, setTeamRoleSnowflakeMain, and 12 more.\n\n\u001b[7m83\u001b[0m     teams.sort((a, b) => Team.teamCompare(a as minimalTeam, b as minimalTeam));\n\u001b[7m  \u001b[0m \u001b[91m                                          ~~~~~~~~~~~~~~~~\u001b[0m\n\u001b[96msrc/database/models/ctf.ts\u001b[0m:\u001b[93m83\u001b[0m:\u001b[93m61\u001b[0m - \u001b[91merror\u001b[0m\u001b[90m TS2352: \u001b[0mConversion of type 'Promise<{ name: string; points: void; accuracy: void; }>' to type 'Team' may be a mistake because neither type sufficiently overlaps with the other. If this was intentional, convert the expression to 'unknown' first.\n\n\u001b[7m83\u001b[0m     teams.sort((a, b) => Team.teamCompare(a as minimalTeam, b as minimalTeam));\n\u001b[7m  \u001b[0m \u001b[91m                                                            ~~~~~~~~~~~~~~~~\u001b[0m\n");
      ^
Error: тип Unable to compile TypeScript:
[96msrc/database/models/ctf.ts[0m:[93m83[0m:[93m43[0m - [91merror[0m[90m TS2345: [0mArgument of type 'Team' is not assignable to parameter of type 'minimalTeam'.
  Type 'Team' is missing the following properties from type 'minimalTeam': name, points, accuracy

[7m83[0m     teams.sort((a, b) => Team.teamCompare(a as minimalTeam, b as minimalTeam));
[7m  [0m [91m                                          ~~~~~~~~~~~~~~~~[0m
[96msrc/database/models/ctf.ts[0m:[93m83[0m:[93m43[0m - [91merror[0m[90m TS2352: [0mConversion of type 'Promise<{ name: string; points: void; accuracy: void; }>' to type 'Team' may be a mistake because neither type sufficiently overlaps with the other. If this was intentional, convert the expression to 'unknown' first.

[7m83[0m     teams.sort((a, b) => Team.teamCompare(a as minimalTeam, b as minimalTeam));
[7m  [0m [91m                                          ~~~~~~~~~~~~~~~~[0m
[96msrc/database/models/ctf.ts[0m:[93m83[0m:[93m43[0m - [91merror[0m[90m TS2352: [0mConversion of type 'Promise<{ name: string; points: void; accuracy: void; }>' to type 'Team' may be a mistake because neither type sufficiently overlaps with the other. If this was intentional, convert the expression to 'unknown' first.
  Type 'Promise<{ name: string; points: void; accuracy: void; }>' is missing the following properties from type 'Team': row, deleteTeam, setTeamRoleSnowflakeTeamServer, setTeamRoleSnowflakeMain, and 12 more.

[7m83[0m     teams.sort((a, b) => Team.teamCompare(a as minimalTeam, b as minimalTeam));
[7m  [0m [91m                                          ~~~~~~~~~~~~~~~~[0m
[96msrc/database/models/ctf.ts[0m:[93m83[0m:[93m61[0m - [91merror[0m[90m TS2352: [0mConversion of type 'Promise<{ name: string; points: void; accuracy: void; }>' to type 'Team' may be a mistake because neither type sufficiently overlaps with the other. If this was intentional, convert the expression to 'unknown' first.

[7m83[0m     teams.sort((a, b) => Team.teamCompare(a as minimalTeam, b as minimalTeam));
[7m  [0m [91m                                                            ~~~~~~~~~~~~~~~~[0m

    at Object.<anonymous> (/Users/andrewpeterson/Desktop/ctfbot/src/database/models/ctf.ts:1:7)
    at Module._compile (internal/modules/cjs/loader.js:1176:30)
    at Module._compile (/Users/andrewpeterson/Desktop/ctfbot/node_modules/source-map-support/source-map-support.js:547:25)
    at Module.m._compile (/private/var/folders/9z/71vbg87x1bz3zp24ct89z8jc0000gn/T/ts-node-dev-hook-8594142476933222.js:69:33)
    at Module._extensions..js (internal/modules/cjs/loader.js:1196:10)
    at require.extensions.<computed> (/private/var/folders/9z/71vbg87x1bz3zp24ct89z8jc0000gn/T/ts-node-dev-hook-8594142476933222.js:71:20)
    at Object.nodeDevHook [as .ts] (/Users/andrewpeterson/Desktop/ctfbot/node_modules/ts-node-dev/lib/hook.js:63:13)
    at Module.load (internal/modules/cjs/loader.js:1040:32)
    at Function.Module._load (internal/modules/cjs/loader.js:929:14)
    at Module.require (internal/modules/cjs/loader.js:1080:19)
[[36mINFO[0m] [30;1m04:13:26[0m Restarting: /Users/andrewpeterson/Desktop/ctfbot/src/database/models/ctf.ts has been modified
Compilation error in /Users/andrewpeterson/Desktop/ctfbot/src/database/models/ctf.ts

/Users/andrewpeterson/Desktop/ctfbot/src/database/models/ctf.ts:1
throw new Error("тип Unable to compile TypeScript:\n\u001b[96msrc/database/models/ctf.ts\u001b[0m:\u001b[93m83\u001b[0m:\u001b[93m43\u001b[0m - \u001b[91merror\u001b[0m\u001b[90m TS2345: \u001b[0mArgument of type 'Team' is not assignable to parameter of type 'minimalTeam'.\n  Type 'Team' is missing the following properties from type 'minimalTeam': name, points, accuracy\n\n\u001b[7m83\u001b[0m     teams.sort((a, b) => Team.teamCompare(a as minimalTeam, b as minimalTeam));\n\u001b[7m  \u001b[0m \u001b[91m                                          ~~~~~~~~~~~~~~~~\u001b[0m\n\u001b[96msrc/database/models/ctf.ts\u001b[0m:\u001b[93m83\u001b[0m:\u001b[93m43\u001b[0m - \u001b[91merror\u001b[0m\u001b[90m TS2352: \u001b[0mConversion of type 'Promise<Team>' to type 'Team' may be a mistake because neither type sufficiently overlaps with the other. If this was intentional, convert the expression to 'unknown' first.\n\n\u001b[7m83\u001b[0m     teams.sort((a, b) => Team.teamCompare(a as minimalTeam, b as minimalTeam));\n\u001b[7m  \u001b[0m \u001b[91m                                          ~~~~~~~~~~~~~~~~\u001b[0m\n\u001b[96msrc/database/models/ctf.ts\u001b[0m:\u001b[93m83\u001b[0m:\u001b[93m43\u001b[0m - \u001b[91merror\u001b[0m\u001b[90m TS2352: \u001b[0mConversion of type 'Promise<Team>' to type 'Team' may be a mistake because neither type sufficiently overlaps with the other. If this was intentional, convert the expression to 'unknown' first.\n  Type 'Promise<Team>' is missing the following properties from type 'Team': row, deleteTeam, setTeamRoleSnowflakeTeamServer, setTeamRoleSnowflakeMain, and 12 more.\n\n\u001b[7m83\u001b[0m     teams.sort((a, b) => Team.teamCompare(a as minimalTeam, b as minimalTeam));\n\u001b[7m  \u001b[0m \u001b[91m                                          ~~~~~~~~~~~~~~~~\u001b[0m\n\u001b[96msrc/database/models/ctf.ts\u001b[0m:\u001b[93m83\u001b[0m:\u001b[93m61\u001b[0m - \u001b[91merror\u001b[0m\u001b[90m TS2352: \u001b[0mConversion of type 'Promise<Team>' to type 'Team' may be a mistake because neither type sufficiently overlaps with the other. If this was intentional, convert the expression to 'unknown' first.\n\n\u001b[7m83\u001b[0m     teams.sort((a, b) => Team.teamCompare(a as minimalTeam, b as minimalTeam));\n\u001b[7m  \u001b[0m \u001b[91m                                                            ~~~~~~~~~~~~~~~~\u001b[0m\n");
      ^
Error: тип Unable to compile TypeScript:
[96msrc/database/models/ctf.ts[0m:[93m83[0m:[93m43[0m - [91merror[0m[90m TS2345: [0mArgument of type 'Team' is not assignable to parameter of type 'minimalTeam'.
  Type 'Team' is missing the following properties from type 'minimalTeam': name, points, accuracy

[7m83[0m     teams.sort((a, b) => Team.teamCompare(a as minimalTeam, b as minimalTeam));
[7m  [0m [91m                                          ~~~~~~~~~~~~~~~~[0m
[96msrc/database/models/ctf.ts[0m:[93m83[0m:[93m43[0m - [91merror[0m[90m TS2352: [0mConversion of type 'Promise<Team>' to type 'Team' may be a mistake because neither type sufficiently overlaps with the other. If this was intentional, convert the expression to 'unknown' first.

[7m83[0m     teams.sort((a, b) => Team.teamCompare(a as minimalTeam, b as minimalTeam));
[7m  [0m [91m                                          ~~~~~~~~~~~~~~~~[0m
[96msrc/database/models/ctf.ts[0m:[93m83[0m:[93m43[0m - [91merror[0m[90m TS2352: [0mConversion of type 'Promise<Team>' to type 'Team' may be a mistake because neither type sufficiently overlaps with the other. If this was intentional, convert the expression to 'unknown' first.
  Type 'Promise<Team>' is missing the following properties from type 'Team': row, deleteTeam, setTeamRoleSnowflakeTeamServer, setTeamRoleSnowflakeMain, and 12 more.

[7m83[0m     teams.sort((a, b) => Team.teamCompare(a as minimalTeam, b as minimalTeam));
[7m  [0m [91m                                          ~~~~~~~~~~~~~~~~[0m
[96msrc/database/models/ctf.ts[0m:[93m83[0m:[93m61[0m - [91merror[0m[90m TS2352: [0mConversion of type 'Promise<Team>' to type 'Team' may be a mistake because neither type sufficiently overlaps with the other. If this was intentional, convert the expression to 'unknown' first.

[7m83[0m     teams.sort((a, b) => Team.teamCompare(a as minimalTeam, b as minimalTeam));
[7m  [0m [91m                                                            ~~~~~~~~~~~~~~~~[0m

    at Object.<anonymous> (/Users/andrewpeterson/Desktop/ctfbot/src/database/models/ctf.ts:1:7)
    at Module._compile (internal/modules/cjs/loader.js:1176:30)
    at Module._compile (/Users/andrewpeterson/Desktop/ctfbot/node_modules/source-map-support/source-map-support.js:547:25)
    at Module.m._compile (/private/var/folders/9z/71vbg87x1bz3zp24ct89z8jc0000gn/T/ts-node-dev-hook-8594142476933222.js:69:33)
    at Module._extensions..js (internal/modules/cjs/loader.js:1196:10)
    at require.extensions.<computed> (/private/var/folders/9z/71vbg87x1bz3zp24ct89z8jc0000gn/T/ts-node-dev-hook-8594142476933222.js:71:20)
    at Object.nodeDevHook [as .ts] (/Users/andrewpeterson/Desktop/ctfbot/node_modules/ts-node-dev/lib/hook.js:63:13)
    at Module.load (internal/modules/cjs/loader.js:1040:32)
    at Function.Module._load (internal/modules/cjs/loader.js:929:14)
    at Module.require (internal/modules/cjs/loader.js:1080:19)
[[36mINFO[0m] [30;1m04:13:33[0m Restarting: /Users/andrewpeterson/Desktop/ctfbot/src/database/models/ctf.ts has been modified
Compilation error in /Users/andrewpeterson/Desktop/ctfbot/src/database/models/ctf.ts

/Users/andrewpeterson/Desktop/ctfbot/src/database/models/ctf.ts:1
throw new Error("тип Unable to compile TypeScript:\n\u001b[96msrc/database/models/ctf.ts\u001b[0m:\u001b[93m83\u001b[0m:\u001b[93m43\u001b[0m - \u001b[91merror\u001b[0m\u001b[90m TS2345: \u001b[0mArgument of type 'Team' is not assignable to parameter of type 'minimalTeam'.\n  Type 'Team' is missing the following properties from type 'minimalTeam': name, points, accuracy\n\n\u001b[7m83\u001b[0m     teams.sort((a, b) => Team.teamCompare(a as minimalTeam, b as minimalTeam));\n\u001b[7m  \u001b[0m \u001b[91m                                          ~~~~~~~~~~~~~~~~\u001b[0m\n\u001b[96msrc/database/models/ctf.ts\u001b[0m:\u001b[93m83\u001b[0m:\u001b[93m43\u001b[0m - \u001b[91merror\u001b[0m\u001b[90m TS2352: \u001b[0mConversion of type 'Promise<Team>' to type 'Team' may be a mistake because neither type sufficiently overlaps with the other. If this was intentional, convert the expression to 'unknown' first.\n\n\u001b[7m83\u001b[0m     teams.sort((a, b) => Team.teamCompare(a as minimalTeam, b as minimalTeam));\n\u001b[7m  \u001b[0m \u001b[91m                                          ~~~~~~~~~~~~~~~~\u001b[0m\n\u001b[96msrc/database/models/ctf.ts\u001b[0m:\u001b[93m83\u001b[0m:\u001b[93m43\u001b[0m - \u001b[91merror\u001b[0m\u001b[90m TS2352: \u001b[0mConversion of type 'Promise<Team>' to type 'Team' may be a mistake because neither type sufficiently overlaps with the other. If this was intentional, convert the expression to 'unknown' first.\n  Type 'Promise<Team>' is missing the following properties from type 'Team': row, deleteTeam, setTeamRoleSnowflakeTeamServer, setTeamRoleSnowflakeMain, and 12 more.\n\n\u001b[7m83\u001b[0m     teams.sort((a, b) => Team.teamCompare(a as minimalTeam, b as minimalTeam));\n\u001b[7m  \u001b[0m \u001b[91m                                          ~~~~~~~~~~~~~~~~\u001b[0m\n\u001b[96msrc/database/models/ctf.ts\u001b[0m:\u001b[93m83\u001b[0m:\u001b[93m61\u001b[0m - \u001b[91merror\u001b[0m\u001b[90m TS2352: \u001b[0mConversion of type 'Promise<Team>' to type 'Team' may be a mistake because neither type sufficiently overlaps with the other. If this was intentional, convert the expression to 'unknown' first.\n\n\u001b[7m83\u001b[0m     teams.sort((a, b) => Team.teamCompare(a as minimalTeam, b as minimalTeam));\n\u001b[7m  \u001b[0m \u001b[91m                                                            ~~~~~~~~~~~~~~~~\u001b[0m\n");
      ^
Error: тип Unable to compile TypeScript:
[96msrc/database/models/ctf.ts[0m:[93m83[0m:[93m43[0m - [91merror[0m[90m TS2345: [0mArgument of type 'Team' is not assignable to parameter of type 'minimalTeam'.
  Type 'Team' is missing the following properties from type 'minimalTeam': name, points, accuracy

[7m83[0m     teams.sort((a, b) => Team.teamCompare(a as minimalTeam, b as minimalTeam));
[7m  [0m [91m                                          ~~~~~~~~~~~~~~~~[0m
[96msrc/database/models/ctf.ts[0m:[93m83[0m:[93m43[0m - [91merror[0m[90m TS2352: [0mConversion of type 'Promise<Team>' to type 'Team' may be a mistake because neither type sufficiently overlaps with the other. If this was intentional, convert the expression to 'unknown' first.

[7m83[0m     teams.sort((a, b) => Team.teamCompare(a as minimalTeam, b as minimalTeam));
[7m  [0m [91m                                          ~~~~~~~~~~~~~~~~[0m
[96msrc/database/models/ctf.ts[0m:[93m83[0m:[93m43[0m - [91merror[0m[90m TS2352: [0mConversion of type 'Promise<Team>' to type 'Team' may be a mistake because neither type sufficiently overlaps with the other. If this was intentional, convert the expression to 'unknown' first.
  Type 'Promise<Team>' is missing the following properties from type 'Team': row, deleteTeam, setTeamRoleSnowflakeTeamServer, setTeamRoleSnowflakeMain, and 12 more.

[7m83[0m     teams.sort((a, b) => Team.teamCompare(a as minimalTeam, b as minimalTeam));
[7m  [0m [91m                                          ~~~~~~~~~~~~~~~~[0m
[96msrc/database/models/ctf.ts[0m:[93m83[0m:[93m61[0m - [91merror[0m[90m TS2352: [0mConversion of type 'Promise<Team>' to type 'Team' may be a mistake because neither type sufficiently overlaps with the other. If this was intentional, convert the expression to 'unknown' first.

[7m83[0m     teams.sort((a, b) => Team.teamCompare(a as minimalTeam, b as minimalTeam));
[7m  [0m [91m                                                            ~~~~~~~~~~~~~~~~[0m

    at Object.<anonymous> (/Users/andrewpeterson/Desktop/ctfbot/src/database/models/ctf.ts:1:7)
    at Module._compile (internal/modules/cjs/loader.js:1176:30)
    at Module._compile (/Users/andrewpeterson/Desktop/ctfbot/node_modules/source-map-support/source-map-support.js:547:25)
    at Module.m._compile (/private/var/folders/9z/71vbg87x1bz3zp24ct89z8jc0000gn/T/ts-node-dev-hook-8594142476933222.js:69:33)
    at Module._extensions..js (internal/modules/cjs/loader.js:1196:10)
    at require.extensions.<computed> (/private/var/folders/9z/71vbg87x1bz3zp24ct89z8jc0000gn/T/ts-node-dev-hook-8594142476933222.js:71:20)
    at Object.nodeDevHook [as .ts] (/Users/andrewpeterson/Desktop/ctfbot/node_modules/ts-node-dev/lib/hook.js:63:13)
    at Module.load (internal/modules/cjs/loader.js:1040:32)
    at Function.Module._load (internal/modules/cjs/loader.js:929:14)
    at Module.require (internal/modules/cjs/loader.js:1080:19)
[[36mINFO[0m] [30;1m04:15:03[0m Restarting: /Users/andrewpeterson/Desktop/ctfbot/src/database/models/ctf.ts has been modified
Compilation error in /Users/andrewpeterson/Desktop/ctfbot/src/database/models/ctf.ts

/Users/andrewpeterson/Desktop/ctfbot/src/database/models/ctf.ts:1
throw new Error("тип Unable to compile TypeScript:\n\u001b[96msrc/database/models/ctf.ts\u001b[0m:\u001b[93m83\u001b[0m:\u001b[93m50\u001b[0m - \u001b[91merror\u001b[0m\u001b[90m TS2345: \u001b[0mArgument of type 'Promise<{ name: string; points: void; accuracy: void; }>' is not assignable to parameter of type 'minimalTeam'.\n  Type 'Promise<{ name: string; points: void; accuracy: void; }>' is missing the following properties from type 'minimalTeam': name, points, accuracy\n\n\u001b[7m83\u001b[0m     minimalTeams.sort((a, b) => Team.teamCompare(a, b));\n\u001b[7m  \u001b[0m \u001b[91m                                                 ~\u001b[0m\n");
      ^
Error: тип Unable to compile TypeScript:
[96msrc/database/models/ctf.ts[0m:[93m83[0m:[93m50[0m - [91merror[0m[90m TS2345: [0mArgument of type 'Promise<{ name: string; points: void; accuracy: void; }>' is not assignable to parameter of type 'minimalTeam'.
  Type 'Promise<{ name: string; points: void; accuracy: void; }>' is missing the following properties from type 'minimalTeam': name, points, accuracy

[7m83[0m     minimalTeams.sort((a, b) => Team.teamCompare(a, b));
[7m  [0m [91m                                                 ~[0m

    at Object.<anonymous> (/Users/andrewpeterson/Desktop/ctfbot/src/database/models/ctf.ts:1:7)
    at Module._compile (internal/modules/cjs/loader.js:1176:30)
    at Module._compile (/Users/andrewpeterson/Desktop/ctfbot/node_modules/source-map-support/source-map-support.js:547:25)
    at Module.m._compile (/private/var/folders/9z/71vbg87x1bz3zp24ct89z8jc0000gn/T/ts-node-dev-hook-8594142476933222.js:69:33)
    at Module._extensions..js (internal/modules/cjs/loader.js:1196:10)
    at require.extensions.<computed> (/private/var/folders/9z/71vbg87x1bz3zp24ct89z8jc0000gn/T/ts-node-dev-hook-8594142476933222.js:71:20)
    at Object.nodeDevHook [as .ts] (/Users/andrewpeterson/Desktop/ctfbot/node_modules/ts-node-dev/lib/hook.js:63:13)
    at Module.load (internal/modules/cjs/loader.js:1040:32)
    at Function.Module._load (internal/modules/cjs/loader.js:929:14)
    at Module.require (internal/modules/cjs/loader.js:1080:19)
[[36mINFO[0m] [30;1m05:03:03[0m Restarting: /Users/andrewpeterson/Desktop/ctfbot/src/database/models/ctf.ts has been modified
Compilation error in /Users/andrewpeterson/Desktop/ctfbot/src/database/models/ctf.ts

/Users/andrewpeterson/Desktop/ctfbot/src/database/models/ctf.ts:1
throw new Error("тип Unable to compile TypeScript:\n\u001b[96msrc/database/models/ctf.ts\u001b[0m:\u001b[93m82\u001b[0m:\u001b[93m41\u001b[0m - \u001b[91merror\u001b[0m\u001b[90m TS2304: \u001b[0mCannot find name 'await'.\n\n\u001b[7m82\u001b[0m     const teams = rows.map((teamRow) => await(new Team(teamRow).getMinimalTeam()));\n\u001b[7m  \u001b[0m \u001b[91m                                        ~~~~~\u001b[0m\n\u001b[96msrc/database/models/ctf.ts\u001b[0m:\u001b[93m84\u001b[0m:\u001b[93m23\u001b[0m - \u001b[91merror\u001b[0m\u001b[90m TS2345: \u001b[0mArgument of type '(a: minimalTeam, b: minimalTeam) => number' is not assignable to parameter of type '(a: Promise<any>, b: Promise<any>) => number'.\n  Types of parameters 'a' and 'a' are incompatible.\n    Type 'Promise<any>' is missing the following properties from type 'minimalTeam': name, points, accuracy\n\n\u001b[7m84\u001b[0m     minimalTeams.sort(Team.teamCompare);\n\u001b[7m  \u001b[0m \u001b[91m                      ~~~~~~~~~~~~~~~~\u001b[0m\n");
      ^
Error: тип Unable to compile TypeScript:
[96msrc/database/models/ctf.ts[0m:[93m82[0m:[93m41[0m - [91merror[0m[90m TS2304: [0mCannot find name 'await'.

[7m82[0m     const teams = rows.map((teamRow) => await(new Team(teamRow).getMinimalTeam()));
[7m  [0m [91m                                        ~~~~~[0m
[96msrc/database/models/ctf.ts[0m:[93m84[0m:[93m23[0m - [91merror[0m[90m TS2345: [0mArgument of type '(a: minimalTeam, b: minimalTeam) => number' is not assignable to parameter of type '(a: Promise<any>, b: Promise<any>) => number'.
  Types of parameters 'a' and 'a' are incompatible.
    Type 'Promise<any>' is missing the following properties from type 'minimalTeam': name, points, accuracy

[7m84[0m     minimalTeams.sort(Team.teamCompare);
[7m  [0m [91m                      ~~~~~~~~~~~~~~~~[0m

    at Object.<anonymous> (/Users/andrewpeterson/Desktop/ctfbot/src/database/models/ctf.ts:1:7)
    at Module._compile (internal/modules/cjs/loader.js:1176:30)
    at Module._compile (/Users/andrewpeterson/Desktop/ctfbot/node_modules/source-map-support/source-map-support.js:547:25)
    at Module.m._compile (/private/var/folders/9z/71vbg87x1bz3zp24ct89z8jc0000gn/T/ts-node-dev-hook-8594142476933222.js:69:33)
    at Module._extensions..js (internal/modules/cjs/loader.js:1196:10)
    at require.extensions.<computed> (/private/var/folders/9z/71vbg87x1bz3zp24ct89z8jc0000gn/T/ts-node-dev-hook-8594142476933222.js:71:20)
    at Object.nodeDevHook [as .ts] (/Users/andrewpeterson/Desktop/ctfbot/node_modules/ts-node-dev/lib/hook.js:63:13)
    at Module.load (internal/modules/cjs/loader.js:1040:32)
    at Function.Module._load (internal/modules/cjs/loader.js:929:14)
    at Module.require (internal/modules/cjs/loader.js:1080:19)
[[36mINFO[0m] [30;1m05:03:09[0m Restarting: /Users/andrewpeterson/Desktop/ctfbot/src/database/models/ctf.ts has been modified
Compilation error in /Users/andrewpeterson/Desktop/ctfbot/src/database/models/ctf.ts

/Users/andrewpeterson/Desktop/ctfbot/src/database/models/ctf.ts:1
throw new Error("тип Unable to compile TypeScript:\n\u001b[96msrc/database/models/ctf.ts\u001b[0m:\u001b[93m84\u001b[0m:\u001b[93m23\u001b[0m - \u001b[91merror\u001b[0m\u001b[90m TS2345: \u001b[0mArgument of type '(a: minimalTeam, b: minimalTeam) => number' is not assignable to parameter of type '(a: Promise<minimalTeam>, b: Promise<minimalTeam>) => number'.\n  Types of parameters 'a' and 'a' are incompatible.\n    Type 'Promise<minimalTeam>' is missing the following properties from type 'minimalTeam': name, points, accuracy\n\n\u001b[7m84\u001b[0m     minimalTeams.sort(Team.teamCompare);\n\u001b[7m  \u001b[0m \u001b[91m                      ~~~~~~~~~~~~~~~~\u001b[0m\n");
      ^
Error: тип Unable to compile TypeScript:
[96msrc/database/models/ctf.ts[0m:[93m84[0m:[93m23[0m - [91merror[0m[90m TS2345: [0mArgument of type '(a: minimalTeam, b: minimalTeam) => number' is not assignable to parameter of type '(a: Promise<minimalTeam>, b: Promise<minimalTeam>) => number'.
  Types of parameters 'a' and 'a' are incompatible.
    Type 'Promise<minimalTeam>' is missing the following properties from type 'minimalTeam': name, points, accuracy

[7m84[0m     minimalTeams.sort(Team.teamCompare);
[7m  [0m [91m                      ~~~~~~~~~~~~~~~~[0m

    at Object.<anonymous> (/Users/andrewpeterson/Desktop/ctfbot/src/database/models/ctf.ts:1:7)
    at Module._compile (internal/modules/cjs/loader.js:1176:30)
    at Module._compile (/Users/andrewpeterson/Desktop/ctfbot/node_modules/source-map-support/source-map-support.js:547:25)
    at Module.m._compile (/private/var/folders/9z/71vbg87x1bz3zp24ct89z8jc0000gn/T/ts-node-dev-hook-8594142476933222.js:69:33)
    at Module._extensions..js (internal/modules/cjs/loader.js:1196:10)
    at require.extensions.<computed> (/private/var/folders/9z/71vbg87x1bz3zp24ct89z8jc0000gn/T/ts-node-dev-hook-8594142476933222.js:71:20)
    at Object.nodeDevHook [as .ts] (/Users/andrewpeterson/Desktop/ctfbot/node_modules/ts-node-dev/lib/hook.js:63:13)
    at Module.load (internal/modules/cjs/loader.js:1040:32)
    at Function.Module._load (internal/modules/cjs/loader.js:929:14)
    at Module.require (internal/modules/cjs/loader.js:1080:19)
[[36mINFO[0m] [30;1m05:09:41[0m Restarting: /Users/andrewpeterson/Desktop/ctfbot/src/database/models/ctf.ts has been modified
Compilation error in /Users/andrewpeterson/Desktop/ctfbot/src/database/models/ctf.ts

/Users/andrewpeterson/Desktop/ctfbot/src/database/models/ctf.ts:1
throw new Error("тип Unable to compile TypeScript:\n\u001b[96msrc/database/models/ctf.ts\u001b[0m:\u001b[93m12\u001b[0m:\u001b[93m22\u001b[0m - \u001b[91merror\u001b[0m\u001b[90m TS2307: \u001b[0mCannot find module 'src/events/interaction/commands' or its corresponding type declarations.\n\n\u001b[7m12\u001b[0m import { team } from 'src/events/interaction/commands';\n\u001b[7m  \u001b[0m \u001b[91m                     ~~~~~~~~~~~~~~~~~~~~~~~~~~~~~~~~~\u001b[0m\n\u001b[96msrc/database/models/ctf.ts\u001b[0m:\u001b[93m85\u001b[0m:\u001b[93m12\u001b[0m - \u001b[91merror\u001b[0m\u001b[90m TS2345: \u001b[0mArgument of type 'string[]' is not assignable to parameter of type 'string'.\n\n\u001b[7m85\u001b[0m     logger(minimalTeams.map((team) => `${team.name} has ${team.points} with ${team.accuracy}`));\n\u001b[7m  \u001b[0m \u001b[91m           ~~~~~~~~~~~~~~~~~~~~~~~~~~~~~~~~~~~~~~~~~~~~~~~~~~~~~~~~~~~~~~~~~~~~~~~~~~~~~~~~~~~\u001b[0m\n");
      ^
Error: тип Unable to compile TypeScript:
[96msrc/database/models/ctf.ts[0m:[93m12[0m:[93m22[0m - [91merror[0m[90m TS2307: [0mCannot find module 'src/events/interaction/commands' or its corresponding type declarations.

[7m12[0m import { team } from 'src/events/interaction/commands';
[7m  [0m [91m                     ~~~~~~~~~~~~~~~~~~~~~~~~~~~~~~~~~[0m
[96msrc/database/models/ctf.ts[0m:[93m85[0m:[93m12[0m - [91merror[0m[90m TS2345: [0mArgument of type 'string[]' is not assignable to parameter of type 'string'.

[7m85[0m     logger(minimalTeams.map((team) => `${team.name} has ${team.points} with ${team.accuracy}`));
[7m  [0m [91m           ~~~~~~~~~~~~~~~~~~~~~~~~~~~~~~~~~~~~~~~~~~~~~~~~~~~~~~~~~~~~~~~~~~~~~~~~~~~~~~~~~~~[0m

    at Object.<anonymous> (/Users/andrewpeterson/Desktop/ctfbot/src/database/models/ctf.ts:1:7)
    at Module._compile (internal/modules/cjs/loader.js:1176:30)
    at Module._compile (/Users/andrewpeterson/Desktop/ctfbot/node_modules/source-map-support/source-map-support.js:547:25)
    at Module.m._compile (/private/var/folders/9z/71vbg87x1bz3zp24ct89z8jc0000gn/T/ts-node-dev-hook-8594142476933222.js:69:33)
    at Module._extensions..js (internal/modules/cjs/loader.js:1196:10)
    at require.extensions.<computed> (/private/var/folders/9z/71vbg87x1bz3zp24ct89z8jc0000gn/T/ts-node-dev-hook-8594142476933222.js:71:20)
    at Object.nodeDevHook [as .ts] (/Users/andrewpeterson/Desktop/ctfbot/node_modules/ts-node-dev/lib/hook.js:63:13)
    at Module.load (internal/modules/cjs/loader.js:1040:32)
    at Function.Module._load (internal/modules/cjs/loader.js:929:14)
    at Module.require (internal/modules/cjs/loader.js:1080:19)
